<?xml version="1.0" encoding="UTF-8"?>
<testsuite xmlns:xsi="http://www.w3.org/2001/XMLSchema-instance" xsi:noNamespaceSchemaLocation="https://maven.apache.org/surefire/maven-surefire-plugin/xsd/surefire-test-report-3.0.xsd" version="3.0" name="ValidadorTest" time="0.104" tests="3" errors="0" skipped="0" failures="0">
  <properties>
[...]
</properties>
  <testcase name="deveriaFalharNaValidacaoDoCPFPorCausaDosDigitosVerificadores" classname="ValidadorTest" time="0.065"/>
  <testcase name="deveriaValidarOCPF" classname="ValidadorTest" time="0.003"/>
  <testcase name="deveriaFalharNaValidacaoDoCPFPorTamanhoCPF" classname="ValidadorTest" time="0.003"/>
</testsuite>